2024-03-25 11:30:28,964 :INFO : __init__ :Text received from application is ×
Success! The Form has been submitted successfully!.
2024-03-25 11:30:28,965 :INFO : __init__ :Exception occurred: 
2024-03-25 13:18:25,190 :INFO : __init__ :Text received from application is ×
Success! The Form has been submitted successfully!.
2024-03-25 13:18:25,190 :INFO : __init__ :Exception occurred: 
2024-03-25 13:21:16,458 :INFO : __init__ :Text received from application is ×
Success! The Form has been submitted successfully!.
2024-03-25 13:21:16,458 :INFO : __init__ :Exception occurred: 
2024-03-25 13:28:27,174 :INFO : __init__ :Text received from application is ×
Success! The Form has been submitted successfully!.
2024-03-25 13:28:27,174 :INFO : __init__ :Exception occurred: 
2024-03-25 13:35:09,522 :INFO : __init__ :Text received from application is ×
Success! The Form has been submitted successfully!.
2024-03-25 13:35:09,522 :INFO : __init__ :Exception occurred: 
2024-03-25 14:24:19,689 :INFO : __init__ :Text received from application is test
2024-03-25 14:24:19,689 :INFO : __init__ :Exception occurred: 
2024-03-25 14:25:36,952 :INFO : __init__ :Text received from application is xyz
2024-03-25 14:25:36,953 :INFO : __init__ :Exception occurred: 
2024-03-25 14:56:52,374 :INFO : __init__ :Text received from application is xyz
2024-03-25 14:56:52,374 :INFO : __init__ :Exception occurred: 
2024-03-25 14:57:53,124 :INFO : __init__ :Text received from application is xyz
2024-03-25 15:08:54,090 :INFO : __init__ :Text received from application is ×
Success! The Form has been submitted successfully!.
2024-03-25 15:08:54,090 :INFO : __init__ :Exception occurred: 
2024-03-25 15:11:24,178 :INFO : __init__ :Text received from application is ×
Success! The Form has been submitted successfully!.
2024-03-25 15:11:24,179 :INFO : __init__ :Exception occurred: 
2024-03-25 15:12:33,720 :INFO : __init__ :Text received from application is ×
Success! The Form has been submitted successfully!.
2024-03-25 15:12:33,721 :INFO : __init__ :Exception occurred: 
2024-03-25 15:18:08,954 :INFO : __init__ :Text received from application is ×
Success! The Form has been submitted successfully!.
2024-03-25 15:18:08,954 :INFO : __init__ :Exception occurred: 
2024-03-25 15:55:59,827 :INFO : __init__ :Text received from application is ×
Success! The Form has been submitted successfully!.
2024-03-25 15:55:59,827 :INFO : __init__ :Exception occurred: 
2024-03-25 15:56:34,847 :INFO : __init__ :Text received from application is ×
Success! The Form has been submitted successfully!.
2024-03-25 15:56:34,847 :INFO : __init__ :Exception occurred: 
2024-03-25 15:59:45,783 :INFO : __init__ :Text received from application is ×
Success! The Form has been submitted successfully!.
2024-03-25 15:59:45,784 :INFO : __init__ :Exception occurred: 
2024-03-25 16:00:51,347 :INFO : __init__ :Text received from application is ×
Success! The Form has been submitted successfully!.
2024-03-25 16:00:51,347 :INFO : __init__ :Exception occurred: 
2024-03-25 16:53:11,926 :INFO : __init__ :Text received from application is ×
Success! The Form has been submitted successfully!.
2024-03-25 16:53:11,927 :INFO : __init__ :Exception occurred: 
2024-03-25 16:54:32,660 :INFO : __init__ :Text received from application is ×
Success! The Form has been submitted successfully!.
2024-03-25 16:54:32,660 :INFO : __init__ :Exception occurred: 
2024-03-25 17:27:49,586 :INFO : __init__ :Text received from application is ×
Success! The Form has been submitted successfully!.
2024-03-25 17:27:49,586 :INFO : __init__ :Exception occurred: 
2024-03-25 17:28:24,462 :INFO : __init__ :Text received from application is ×
Success! The Form has been submitted successfully!.
2024-03-25 17:28:24,462 :INFO : __init__ :Exception occurred: 
2024-03-25 17:29:21,355 :INFO : __init__ :Text received from application is ×
Success! The Form has been submitted successfully!.
2024-03-25 17:29:21,355 :INFO : __init__ :Exception occurred: 
2024-03-25 17:29:49,480 :INFO : __init__ :Text received from application is ×
Success! The Form has been submitted successfully!.
2024-03-25 17:29:49,480 :INFO : __init__ :Exception occurred: 
2024-03-25 17:45:16,698 :INFO : __init__ :Text received from application is ×
Success! The Form has been submitted successfully!.
2024-03-25 17:45:16,698 :INFO : __init__ :Exception occurred: 
2024-03-25 18:31:33,892 :INFO : __init__ :Text received from application is ×
Success! The Form has been submitted successfully!.
2024-03-25 18:31:33,892 :INFO : __init__ :Exception occurred: 
2024-03-25 19:09:33,597 :INFO : __init__ :Text received from application is ×
Success! The Form has been submitted successfully!.
2024-03-25 19:09:33,598 :INFO : __init__ :Exception occurred: 
